* [Engine] Log started at 2025/6/19 13:54:55
* [Engine] DragonRuby Game Toolkit
* [Engine]   Version: 6.26
* [Engine]   Tier: Pro
* [Engine]   GIT Hash: 4c37c93899d5f58adcf2fe0afd1c348af90a4d45
* [Engine]   Build Date: Jun 10 2025 21:14:26
* [Engine] Platform: Mac OS X
- [Engine] Process Working Directory: /Users/saraH/Documents/dragonruby-macos/
- [Engine] Game Dir: /Users/saraH/Documents/dragonruby-macos//mygame
- [Engine] Game ID: DVD-Logo
- [Engine] Game Title: DVD Logo
- [Engine] Game Version: 0.1
- [Engine] Game Package ID: org.SarahTabada.DVD-Logo
- [Engine] Game Developer ID: SarahTabada
- [Engine] Game Developer Title: Sarah Tabada
- [Engine] Production Build: no
- [Engine] Remote Hotload: no
? [Engine] Loading cvars from file 'metadata/cvars.txt' ...
? [Engine] File 'metadata/cvars.txt' line 44 setting cvar 'log.filter_subsystems' to 'HTTPServer'
? [Engine] File 'metadata/cvars.txt' complete
- [Render] SDL video backend: cocoa
- [Render] SDL renderer backend: metal
- [Render] Window size: 1280x720 (requested 1280x720)
- [Render] Fullscreen Desktop mode: no
- [Render] HD: no
- [Render] HighDPI: no
- [Render] Max texture size: 16384x16384 (system reported 16384x16384)
- [Render] Logical render size: 1280x720
- [Render] Native render size: 1280x720
? [Engine] RNG seed has been set to 1750359298.
- [Engine] Janitor is using 4 threads.
* [Engine] Logging shutting down
